<?xml version="1.0" encoding="UTF-8"?>
<testsuite xmlns:xsi="http://www.w3.org/2001/XMLSchema-instance" xsi:noNamespaceSchemaLocation="https://maven.apache.org/surefire/maven-surefire-plugin/xsd/surefire-test-report.xsd" version="3.0.1" name="com.nt.ApiGatewayApp.ApiGatewayTest" time="2.707" tests="1" errors="0" skipped="0" failures="0">
  <properties>
[...]
</properties>
  <testcase name="testAggregateEndpoint" classname="com.nt.ApiGatewayApp.ApiGatewayTest" time="2.234">
    <system-out><![CDATA[Response{
  "post_title" : "sunt aut facere repellat provident occaecati excepturi optio reprehenderit",
  "author_name" : "Leanne Graham"
}
]]></system-out>
    <system-err><![CDATA[Jul 24, 2025 9:17:08 AM com.nt.ApiGatewayApp.ApiGatewayVerticle
INFO: HTTP server started on port 8080
Jul 24, 2025 9:17:08 AM com.nt.ApiGatewayApp.ApiGatewayVerticle
INFO: Received request: /aggregate
Jul 24, 2025 9:17:08 AM com.nt.ApiGatewayApp.ApiGatewayVerticle
INFO: Calling posts API...
Jul 24, 2025 9:17:08 AM com.nt.ApiGatewayApp.ApiGatewayVerticle
INFO: Calling users API...
Jul 24, 2025 9:17:09 AM com.nt.ApiGatewayApp.ApiGatewayVerticle
INFO: User name fetched: Leanne Graham
Jul 24, 2025 9:17:09 AM com.nt.ApiGatewayApp.ApiGatewayVerticle
INFO: Post title fetched: sunt aut facere repellat provident occaecati excepturi optio reprehenderit
Jul 24, 2025 9:17:09 AM com.nt.ApiGatewayApp.ApiGatewayVerticle
INFO: Sending successful aggregated response.
]]></system-err>
  </testcase>
</testsuite>